============================= test session starts =============================
platform win32 -- Python 3.12.3, pytest-9.0.3, pluggy-1.6.0 -- C:\Users\urbra\AppData\Local\Programs\Python\Python312\python.exe
cachedir: .pytest_cache
rootdir: C:\Users\urbra\OneDrive\Desktop\Projects\ortho\packages\arch-intelligence
configfile: pyproject.toml
plugins: anyio-4.6.0
collecting ... collected 53 items

packages\arch-intelligence\tests\test_detector.py::TestArchitectureDetectorLayeredPattern::test_layered_fixture_detects_as_layered PASSED [  1%]
packages\arch-intelligence\tests\test_detector.py::TestArchitectureDetectorLayeredPattern::test_layered_confidence_breakdown_shows_layered_highest PASSED [  3%]
packages\arch-intelligence\tests\test_detector.py::TestArchitectureDetectorLayeredPattern::test_layered_evidence_mentions_layers_and_upward_deps PASSED [  5%]
packages\arch-intelligence\tests\test_detector.py::TestArchitectureDetectorHexagonalPattern::test_hexagonal_fixture_detects_as_hexagonal FAILED [  7%]
packages\arch-intelligence\tests\test_detector.py::TestArchitectureDetectorHexagonalPattern::test_hexagonal_confidence_breakdown_shows_hexagonal_highest FAILED [  9%]
packages\arch-intelligence\tests\test_detector.py::TestArchitectureDetectorMVCPattern::test_mvc_fixture_detects_as_mvc PASSED [ 11%]
packages\arch-intelligence\tests\test_detector.py::TestArchitectureDetectorMVCPattern::test_mvc_evidence_mentions_three_layers PASSED [ 13%]
packages\arch-intelligence\tests\test_detector.py::TestArchitectureDetectorMicroservicesPattern::test_microservices_fixture_detects_as_microservices PASSED [ 15%]
packages\arch-intelligence\tests\test_detector.py::TestArchitectureDetectorMicroservicesPattern::test_microservices_evidence_mentions_modularity PASSED [ 16%]
packages\arch-intelligence\tests\test_detector.py::TestArchitectureDetectorFlatPattern::test_flat_fixture_detects_as_flat FAILED [ 18%]
packages\arch-intelligence\tests\test_detector.py::TestArchitectureDetectorFlatPattern::test_flat_evidence_mentions_interconnection PASSED [ 20%]
packages\arch-intelligence\tests\test_detector.py::TestArchitectureDetectorLowConfidenceHandling::test_ambiguous_fixture_returns_alternative PASSED [ 22%]
packages\arch-intelligence\tests\test_detector.py::TestArchitectureDetectorLowConfidenceHandling::test_confidence_always_in_range PASSED [ 24%]
packages\arch-intelligence\tests\test_detector.py::TestArchitectureDetectorEvidenceQuality::test_evidence_not_empty_list PASSED [ 26%]
packages\arch-intelligence\tests\test_detector.py::TestArchitectureDetectorEvidenceQuality::test_evidence_contains_meaningful_strings PASSED [ 28%]
packages\arch-intelligence\tests\test_detector.py::TestArchitectureDetectorEvidenceQuality::test_evidence_describes_detection_not_just_metrics PASSED [ 30%]
packages\arch-intelligence\tests\test_detector.py::TestConfidenceBreakdown::test_breakdown_includes_all_five_styles PASSED [ 32%]
packages\arch-intelligence\tests\test_detector.py::TestConfidenceBreakdown::test_breakdown_scores_sum_meaningfully PASSED [ 33%]
packages\arch-intelligence\tests\test_detector.py::TestDeterminism::test_detect_twice_gives_identical_result PASSED [ 35%]
packages\arch-intelligence\tests\test_layer_detector.py::TestLayerDetectionBasics::test_detect_layers_returns_list_not_empty PASSED [ 37%]
packages\arch-intelligence\tests\test_layer_detector.py::TestLayerDetectionBasics::test_layered_fixture_detects_three_layers PASSED [ 39%]
packages\arch-intelligence\tests\test_layer_detector.py::TestLayerFieldContent::test_layer_id_is_string PASSED [ 41%]
packages\arch-intelligence\tests\test_layer_detector.py::TestLayerFieldContent::test_layer_name_is_semantic PASSED [ 43%]
packages\arch-intelligence\tests\test_layer_detector.py::TestLayerFieldContent::test_layer_file_ids_are_nonempty_list PASSED [ 45%]
packages\arch-intelligence\tests\test_layer_detector.py::TestLayerFieldContent::test_layer_confidence_in_range PASSED [ 47%]
packages\arch-intelligence\tests\test_layer_detector.py::TestLayerFieldContent::test_layer_depends_on_is_list PASSED [ 49%]
packages\arch-intelligence\tests\test_layer_detector.py::TestSemanticNaming::test_layered_fixture_has_presentation_business_data PASSED [ 50%]
packages\arch-intelligence\tests\test_layer_detector.py::TestSemanticNaming::test_mvc_fixture_has_view_controller_model PASSED [ 52%]
packages\arch-intelligence\tests\test_layer_detector.py::TestLayerViolationDetection::test_violations_returns_list_of_strings PASSED [ 54%]
packages\arch-intelligence\tests\test_layer_detector.py::TestLayerViolationDetection::test_layered_fixture_has_minimal_violations FAILED [ 56%]
packages\arch-intelligence\tests\test_layer_detector.py::TestLayerHierarchyValidity::test_all_dependencies_reference_valid_layers PASSED [ 58%]
packages\arch-intelligence\tests\test_layer_detector.py::TestLayerHierarchyValidity::test_no_self_dependencies PASSED [ 60%]
packages\arch-intelligence\tests\test_layer_detector.py::TestLayerHierarchyValidity::test_files_in_single_layer PASSED [ 62%]
packages\arch-intelligence\tests\test_layer_detector.py::TestDeterminism::test_detect_layers_twice_identical PASSED [ 64%]
packages\arch-intelligence\tests\test_layer_detector.py::TestLayerConfidenceLogic::test_all_layers_have_confidence PASSED [ 66%]
packages\arch-intelligence\tests\test_layer_detector.py::TestLayerConfidenceLogic::test_layered_fixture_layers_have_high_confidence PASSED [ 67%]
packages\arch-intelligence\tests\test_subsystem_detector.py::TestSubsystemDetectionBasics::test_detect_subsystems_returns_nonempty_list PASSED [ 69%]
packages\arch-intelligence\tests\test_subsystem_detector.py::TestSubsystemDetectionBasics::test_layered_fixture_detects_subsystems PASSED [ 71%]
packages\arch-intelligence\tests\test_subsystem_detector.py::TestSubsystemDetectionBasics::test_microservices_fixture_detects_services PASSED [ 73%]
packages\arch-intelligence\tests\test_subsystem_detector.py::TestSubsystemFieldContent::test_subsystem_id_is_string PASSED [ 75%]
packages\arch-intelligence\tests\test_subsystem_detector.py::TestSubsystemFieldContent::test_subsystem_name_is_meaningful PASSED [ 77%]
packages\arch-intelligence\tests\test_subsystem_detector.py::TestSubsystemFieldContent::test_subsystem_file_ids_nonempty PASSED [ 79%]
packages\arch-intelligence\tests\test_subsystem_detector.py::TestSubsystemFieldContent::test_coupling_score_is_float_in_range PASSED [ 81%]
packages\arch-intelligence\tests\test_subsystem_detector.py::TestCouplingCalculation::test_tightly_coupled_has_high_score PASSED [ 83%]
packages\arch-intelligence\tests\test_subsystem_detector.py::TestCouplingCalculation::test_layered_fixture_has_varied_coupling PASSED [ 84%]
packages\arch-intelligence\tests\test_subsystem_detector.py::TestCouplingCalculation::test_microservices_has_low_intercoupling PASSED [ 86%]
packages\arch-intelligence\tests\test_subsystem_detector.py::TestCouplingCalculation::test_flat_fixture_high_coupling PASSED [ 88%]
packages\arch-intelligence\tests\test_subsystem_detector.py::TestSubsystemNaming::test_names_derived_from_structure PASSED [ 90%]
packages\arch-intelligence\tests\test_subsystem_detector.py::TestSubsystemNaming::test_microservices_names_reflect_services PASSED [ 92%]
packages\arch-intelligence\tests\test_subsystem_detector.py::TestSubsystemOrganization::test_no_file_duplicates_across_subsystems PASSED [ 94%]
packages\arch-intelligence\tests\test_subsystem_detector.py::TestSubsystemOrganization::test_all_files_in_subsystems PASSED [ 96%]
packages\arch-intelligence\tests\test_subsystem_detector.py::TestDeterminism::test_detect_twice_identical PASSED [ 98%]
packages\arch-intelligence\tests\test_subsystem_detector.py::TestSubsystemSorting::test_subsystems_sorted_descending_by_coupling PASSED [100%]

================================== FAILURES ===================================
E   AssertionError: Expected 'hexagonal', got 'layered'
    assert 'layered' == 'hexagonal'
      
      - hexagonal
      + layered
C:\Users\urbra\OneDrive\Desktop\Projects\ortho\packages\arch-intelligence\tests\test_detector.py:67: AssertionError: Expected 'hexagonal', got 'layered'
E   AssertionError: Hexagonal (0.9099999999999999) should beat layered (0.95)
    assert 0.9099999999999999 > 0.95
C:\Users\urbra\OneDrive\Desktop\Projects\ortho\packages\arch-intelligence\tests\test_detector.py:79: AssertionError: Hexagonal (0.9099999999999999) should beat layered (0.95)
E   AssertionError: Expected 'flat', got 'layered'
    assert 'layered' == 'flat'
      
      - flat
      + layered
C:\Users\urbra\OneDrive\Desktop\Projects\ortho\packages\arch-intelligence\tests\test_detector.py:140: AssertionError: Expected 'flat', got 'layered'
E   AssertionError: Strict layered should have \u22641 violations, got 9
    assert 9 <= 1
     +  where 9 = len(['presentation imports business (cross-layer)', 'presentation imports business (cross-layer)', 'presentation imports business (cross-layer)', 'presentation imports business (cross-layer)', 'business imports data (cross-layer)', 'business imports data (cross-layer)', ...])
C:\\Users\\urbra\\OneDrive\\Desktop\\Projects\\ortho\\packages\\arch-intelligence\\tests\\test_layer_detector.py:173: AssertionError: Strict layered should have \u22641 violations, got 9
=========================== short test summary info ===========================
FAILED packages\arch-intelligence\tests\test_detector.py::TestArchitectureDetectorHexagonalPattern::test_hexagonal_fixture_detects_as_hexagonal
FAILED packages\arch-intelligence\tests\test_detector.py::TestArchitectureDetectorHexagonalPattern::test_hexagonal_confidence_breakdown_shows_hexagonal_highest
FAILED packages\arch-intelligence\tests\test_detector.py::TestArchitectureDetectorFlatPattern::test_flat_fixture_detects_as_flat
FAILED packages\arch-intelligence\tests\test_layer_detector.py::TestLayerViolationDetection::test_layered_fixture_has_minimal_violations
======================== 4 failed, 49 passed in 3.12s =========================
