============================= test session starts =============================
platform win32 -- Python 3.12.3, pytest-9.0.3, pluggy-1.6.0 -- C:\Users\urbra\AppData\Local\Programs\Python\Python312\python.exe
cachedir: .pytest_cache
hypothesis profile 'default'
rootdir: C:\Users\urbra\OneDrive\Desktop\Projects\ortho
configfile: pyproject.toml
plugins: anyio-4.6.0, hypothesis-6.155.7, cov-7.1.0
collecting ... collected 179 items / 4 errors

=================================== ERRORS ====================================
_________________ ERROR collecting packages/context-hub/tests _________________
E   _pytest.pathlib.ImportPathMismatchError: ('tests.conftest', 'C:\\Users\\urbra\\OneDrive\\Desktop\\Projects\\ortho\\packages\\arch-intelligence\\tests\\conftest.py', WindowsPath('C:/Users/urbra/OneDrive/Desktop/Projects/ortho/packages/context-hub/tests/conftest.py'))
_____ ERROR collecting packages/impact-analysis/tests/test_debt_scorer.py _____
ImportError while importing test module 'C:\Users\urbra\OneDrive\Desktop\Projects\ortho\packages\impact-analysis\tests\test_debt_scorer.py'.
Hint: make sure your test modules/packages have valid Python names.
Traceback:
..\..\..\..\AppData\Local\Programs\Python\Python312\Lib\importlib\__init__.py:90: in import_module
    return _bootstrap._gcd_import(name[level:], package, level)
           ^^^^^^^^^^^^^^^^^^^^^^^^^^^^^^^^^^^^^^^^^^^^^^^^^^^^
E   ModuleNotFoundError: No module named 'tests.test_debt_scorer'
__ ERROR collecting packages/impact-analysis/tests/test_dependency_health.py __
ImportError while importing test module 'C:\Users\urbra\OneDrive\Desktop\Projects\ortho\packages\impact-analysis\tests\test_dependency_health.py'.
Hint: make sure your test modules/packages have valid Python names.
Traceback:
..\..\..\..\AppData\Local\Programs\Python\Python312\Lib\importlib\__init__.py:90: in import_module
    return _bootstrap._gcd_import(name[level:], package, level)
           ^^^^^^^^^^^^^^^^^^^^^^^^^^^^^^^^^^^^^^^^^^^^^^^^^^^^
E   ModuleNotFoundError: No module named 'tests.test_dependency_health'
___ ERROR collecting packages/impact-analysis/tests/test_impact_analyzer.py ___
ImportError while importing test module 'C:\Users\urbra\OneDrive\Desktop\Projects\ortho\packages\impact-analysis\tests\test_impact_analyzer.py'.
Hint: make sure your test modules/packages have valid Python names.
Traceback:
..\..\..\..\AppData\Local\Programs\Python\Python312\Lib\importlib\__init__.py:90: in import_module
    return _bootstrap._gcd_import(name[level:], package, level)
           ^^^^^^^^^^^^^^^^^^^^^^^^^^^^^^^^^^^^^^^^^^^^^^^^^^^^
E   ModuleNotFoundError: No module named 'tests.test_impact_analyzer'
=========================== short test summary info ===========================
ERROR packages/context-hub/tests - _pytest.pathlib.ImportPathMismatchError: (...
ERROR packages/impact-analysis/tests/test_debt_scorer.py
ERROR packages/impact-analysis/tests/test_dependency_health.py
ERROR packages/impact-analysis/tests/test_impact_analyzer.py
!!!!!!!!!!!!!!!!!!! Interrupted: 4 errors during collection !!!!!!!!!!!!!!!!!!!
============================== 4 errors in 0.89s ==============================
EXIT: 0
